# JRE version: OpenJDK Runtime Environment (8.0_222-b10) (build 1.8.0_222-8u222-b10-1ubuntu1~18.04.1-b10)
# Java VM: OpenJDK 64-Bit Server VM (25.222-b10 mixed mode linux-amd64 compressed oops)
Heap:
 def new generation   total 19136K, used 7033K [0x00000000c2600000, 0x00000000c3ac0000, 0x00000000d6ea0000)
  eden space 17024K,  41% used [0x00000000c2600000, 0x00000000c2cde458, 0x00000000c36a0000)
  from space 2112K,   0% used [0x00000000c36a0000, 0x00000000c36a0000, 0x00000000c38b0000)
  to   space 2112K,   0% used [0x00000000c38b0000, 0x00000000c38b0000, 0x00000000c3ac0000)
 tenured generation   total 42368K, used 5540K [0x00000000d6ea0000, 0x00000000d9800000, 0x0000000100000000)
   the space 42368K,  13% used [0x00000000d6ea0000, 0x00000000d7409258, 0x00000000d7409400, 0x00000000d9800000)
 Metaspace       used 21860K, capacity 22466K, committed 22656K, reserved 1069056K
  class space    used 2753K, capacity 2937K, committed 2944K, reserved 1048576K
GC Heap History (10 events):
Event: 149.165 GC heap before
{Heap before GC invocations=5 (full 0):
 def new generation   total 19008K, used 18384K [0x00000000c2600000, 0x00000000c3aa0000, 0x00000000d6ea0000)
  eden space 16896K, 100% used [0x00000000c2600000, 0x00000000c3680000, 0x00000000c3680000)
  from space 2112K,  70% used [0x00000000c3890000, 0x00000000c3a04218, 0x00000000c3aa0000)
  to   space 2112K,   0% used [0x00000000c3680000, 0x00000000c3680000, 0x00000000c3890000)
 tenured generation   total 42368K, used 3393K [0x00000000d6ea0000, 0x00000000d9800000, 0x0000000100000000)
   the space 42368K,   8% used [0x00000000d6ea0000, 0x00000000d71f0510, 0x00000000d71f0600, 0x00000000d9800000)
 Metaspace       used 14906K, capacity 15414K, committed 15616K, reserved 1062912K
  class space    used 1894K, capacity 2045K, committed 2048K, reserved 1048576K
Event: 149.676 GC heap after
Heap after GC invocations=6 (full 0):
 def new generation   total 19008K, used 1697K [0x00000000c2600000, 0x00000000c3aa0000, 0x00000000d6ea0000)
  eden space 16896K,   0% used [0x00000000c2600000, 0x00000000c2600000, 0x00000000c3680000)
  from space 2112K,  80% used [0x00000000c3680000, 0x00000000c3828410, 0x00000000c3890000)
  to   space 2112K,   0% used [0x00000000c3890000, 0x00000000c3890000, 0x00000000c3aa0000)
 tenured generation   total 42368K, used 3875K [0x00000000d6ea0000, 0x00000000d9800000, 0x0000000100000000)
   the space 42368K,   9% used [0x00000000d6ea0000, 0x00000000d7268d70, 0x00000000d7268e00, 0x00000000d9800000)
 Metaspace       used 14906K, capacity 15414K, committed 15616K, reserved 1062912K
  class space    used 1894K, capacity 2045K, committed 2048K, reserved 1048576K
}
Event: 241.259 GC heap before
{Heap before GC invocations=6 (full 0):
 def new generation   total 19008K, used 18593K [0x00000000c2600000, 0x00000000c3aa0000, 0x00000000d6ea0000)
  eden space 16896K, 100% used [0x00000000c2600000, 0x00000000c3680000, 0x00000000c3680000)
  from space 2112K,  80% used [0x00000000c3680000, 0x00000000c3828410, 0x00000000c3890000)
  to   space 2112K,   0% used [0x00000000c3890000, 0x00000000c3890000, 0x00000000c3aa0000)
 tenured generation   total 42368K, used 3875K [0x00000000d6ea0000, 0x00000000d9800000, 0x0000000100000000)
   the space 42368K,   9% used [0x00000000d6ea0000, 0x00000000d7268d70, 0x00000000d7268e00, 0x00000000d9800000)
 Metaspace       used 16940K, capacity 17410K, committed 17664K, reserved 1064960K
  class space    used 2129K, capacity 2263K, committed 2304K, reserved 1048576K
Event: 242.344 GC heap after
Heap after GC invocations=7 (full 0):
 def new generation   total 19008K, used 2035K [0x00000000c2600000, 0x00000000c3aa0000, 0x00000000d6ea0000)
  eden space 16896K,   0% used [0x00000000c2600000, 0x00000000c2600000, 0x00000000c3680000)
  from space 2112K,  96% used [0x00000000c3890000, 0x00000000c3a8cec0, 0x00000000c3aa0000)
  to   space 2112K,   0% used [0x00000000c3680000, 0x00000000c3680000, 0x00000000c3890000)
 tenured generation   total 42368K, used 4228K [0x00000000d6ea0000, 0x00000000d9800000, 0x0000000100000000)
   the space 42368K,   9% used [0x00000000d6ea0000, 0x00000000d72c11d8, 0x00000000d72c1200, 0x00000000d9800000)
 Metaspace       used 16940K, capacity 17410K, committed 17664K, reserved 1064960K
  class space    used 2129K, capacity 2263K, committed 2304K, reserved 1048576K
}
Event: 595.613 GC heap before
{Heap before GC invocations=7 (full 0):
 def new generation   total 19008K, used 18929K [0x00000000c2600000, 0x00000000c3aa0000, 0x00000000d6ea0000)
  eden space 16896K,  99% used [0x00000000c2600000, 0x00000000c367f758, 0x00000000c3680000)
  from space 2112K,  96% used [0x00000000c3890000, 0x00000000c3a8cec0, 0x00000000c3aa0000)
  to   space 2112K,   0% used [0x00000000c3680000, 0x00000000c3680000, 0x00000000c3890000)
 tenured generation   total 42368K, used 4228K [0x00000000d6ea0000, 0x00000000d9800000, 0x0000000100000000)
   the space 42368K,   9% used [0x00000000d6ea0000, 0x00000000d72c11d8, 0x00000000d72c1200, 0x00000000d9800000)
 Metaspace       used 18792K, capacity 19228K, committed 19456K, reserved 1067008K
  class space    used 2344K, capacity 2462K, committed 2560K, reserved 1048576K
Event: 596.779 GC heap after
Heap after GC invocations=8 (full 0):
 def new generation   total 19008K, used 1985K [0x00000000c2600000, 0x00000000c3aa0000, 0x00000000d6ea0000)
  eden space 16896K,   0% used [0x00000000c2600000, 0x00000000c2600000, 0x00000000c3680000)
  from space 2112K,  94% used [0x00000000c3680000, 0x00000000c38706a0, 0x00000000c3890000)
  to   space 2112K,   0% used [0x00000000c3890000, 0x00000000c3890000, 0x00000000c3aa0000)
 tenured generation   total 42368K, used 4570K [0x00000000d6ea0000, 0x00000000d9800000, 0x0000000100000000)
   the space 42368K,  10% used [0x00000000d6ea0000, 0x00000000d7316920, 0x00000000d7316a00, 0x00000000d9800000)
 Metaspace       used 18792K, capacity 19228K, committed 19456K, reserved 1067008K
  class space    used 2344K, capacity 2462K, committed 2560K, reserved 1048576K
}
Event: 761.990 GC heap before
{Heap before GC invocations=8 (full 0):
 def new generation   total 19008K, used 18881K [0x00000000c2600000, 0x00000000c3aa0000, 0x00000000d6ea0000)
  eden space 16896K, 100% used [0x00000000c2600000, 0x00000000c3680000, 0x00000000c3680000)
  from space 2112K,  94% used [0x00000000c3680000, 0x00000000c38706a0, 0x00000000c3890000)
  to   space 2112K,   0% used [0x00000000c3890000, 0x00000000c3890000, 0x00000000c3aa0000)
 tenured generation   total 42368K, used 4570K [0x00000000d6ea0000, 0x00000000d9800000, 0x0000000100000000)
   the space 42368K,  10% used [0x00000000d6ea0000, 0x00000000d7316920, 0x00000000d7316a00, 0x00000000d9800000)
 Metaspace       used 20432K, capacity 21064K, committed 21248K, reserved 1067008K
  class space    used 2574K, capacity 2746K, committed 2816K, reserved 1048576K
Event: 762.890 GC heap after
Heap after GC invocations=9 (full 0):
 def new generation   total 19008K, used 1856K [0x00000000c2600000, 0x00000000c3aa0000, 0x00000000d6ea0000)
  eden space 16896K,   0% used [0x00000000c2600000, 0x00000000c2600000, 0x00000000c3680000)
  from space 2112K,  87% used [0x00000000c3890000, 0x00000000c3a603c8, 0x00000000c3aa0000)
  to   space 2112K,   0% used [0x00000000c3680000, 0x00000000c3680000, 0x00000000c3890000)
 tenured generation   total 42368K, used 4880K [0x00000000d6ea0000, 0x00000000d9800000, 0x0000000100000000)
   the space 42368K,  11% used [0x00000000d6ea0000, 0x00000000d73643d8, 0x00000000d7364400, 0x00000000d9800000)
 Metaspace       used 20432K, capacity 21064K, committed 21248K, reserved 1067008K
  class space    used 2574K, capacity 2746K, committed 2816K, reserved 1048576K
}
Event: 777.361 GC heap before
{Heap before GC invocations=9 (full 0):
 def new generation   total 19008K, used 4101K [0x00000000c2600000, 0x00000000c3aa0000, 0x00000000d6ea0000)
  eden space 16896K,  13% used [0x00000000c2600000, 0x00000000c2831220, 0x00000000c3680000)
  from space 2112K,  87% used [0x00000000c3890000, 0x00000000c3a603c8, 0x00000000c3aa0000)
  to   space 2112K,   0% used [0x00000000c3680000, 0x00000000c3680000, 0x00000000c3890000)
 tenured generation   total 42368K, used 4880K [0x00000000d6ea0000, 0x00000000d9800000, 0x0000000100000000)
   the space 42368K,  11% used [0x00000000d6ea0000, 0x00000000d73643d8, 0x00000000d7364400, 0x00000000d9800000)
 Metaspace       used 20599K, capacity 21128K, committed 21248K, reserved 1067008K
  class space    used 2601K, capacity 2746K, committed 2816K, reserved 1048576K
Event: 780.214 GC heap after
Heap after GC invocations=10 (full 1):
 def new generation   total 19136K, used 0K [0x00000000c2600000, 0x00000000c3ac0000, 0x00000000d6ea0000)
  eden space 17024K,   0% used [0x00000000c2600000, 0x00000000c2600000, 0x00000000c36a0000)
  from space 2112K,   0% used [0x00000000c36a0000, 0x00000000c36a0000, 0x00000000c38b0000)
  to   space 2112K,   0% used [0x00000000c38b0000, 0x00000000c38b0000, 0x00000000c3ac0000)
 tenured generation   total 42368K, used 5540K [0x00000000d6ea0000, 0x00000000d9800000, 0x0000000100000000)
   the space 42368K,  13% used [0x00000000d6ea0000, 0x00000000d7409258, 0x00000000d7409400, 0x00000000d9800000)
 Metaspace       used 20598K, capacity 21122K, committed 21248K, reserved 1067008K
  class space    used 2600K, capacity 2745K, committed 2816K, reserved 1048576K
}

